<?xml version="1.0" encoding="UTF-8"?>
<testsuite xmlns:xsi="http://www.w3.org/2001/XMLSchema-instance" xsi:noNamespaceSchemaLocation="https://maven.apache.org/surefire/maven-surefire-plugin/xsd/surefire-test-report.xsd" name="Que1.AppTest" time="0.037" tests="1" errors="0" skipped="0" failures="0">
  <properties>
    <property name="sun.desktop" value="windows"/>
    <property name="awt.toolkit" value="sun.awt.windows.WToolkit"/>
    <property name="java.specification.version" value="9"/>
    <property name="file.encoding.pkg" value="sun.io"/>
    <property name="sun.cpu.isalist" value="amd64"/>
    <property name="sun.jnu.encoding" value="Cp1252"/>
    <property name="java.class.path" value="H:\Programming\Java\JavaProjects\Java-Projects\Pokedex\QueA1\target\test-classes;H:\Programming\Java\JavaProjects\Java-Projects\Pokedex\QueA1\target\classes;C:\Users\QuesenekPC\.m2\repository\junit\junit\4.11\junit-4.11.jar;C:\Users\QuesenekPC\.m2\repository\org\hamcrest\hamcrest-core\1.3\hamcrest-core-1.3.jar;C:\Users\QuesenekPC\.m2\repository\com\github\oscar0812\pokeapi\1.0.0\pokeapi-1.0.0.jar;C:\Users\QuesenekPC\.m2\repository\com\google\code\gson\gson\2.8.6\gson-2.8.6.jar;C:\Users\QuesenekPC\.m2\repository\com\fasterxml\jackson\core\jackson-annotations\2.12.2\jackson-annotations-2.12.2.jar;C:\Users\QuesenekPC\.m2\repository\org\xerial\sqlite-jdbc\3.34.0\sqlite-jdbc-3.34.0.jar;"/>
    <property name="java.vm.vendor" value="Oracle Corporation"/>
    <property name="sun.arch.data.model" value="64"/>
    <property name="user.variant" value=""/>
    <property name="java.vendor.url" value="http://java.oracle.com/"/>
    <property name="user.timezone" value="America/New_York"/>
    <property name="java.vm.specification.version" value="9"/>
    <property name="os.name" value="Windows 10"/>
    <property name="sun.java.launcher" value="SUN_STANDARD"/>
    <property name="user.country" value="US"/>
    <property name="sun.boot.library.path" value="C:\Program Files\Java\jdk-9.0.4\bin"/>
    <property name="sun.java.command" value="C:\Users\QUESEN~1\AppData\Local\Temp\surefire18283372723755384984\surefirebooter16282677789798231207.jar C:\Users\QuesenekPC\AppData\Local\Temp\surefire18283372723755384984 2021-04-17T02-34-38_490-jvmRun1 surefire9003472378859506600tmp surefire_0741153422551590099tmp"/>
    <property name="jdk.debug" value="release"/>
    <property name="surefire.test.class.path" value="H:\Programming\Java\JavaProjects\Java-Projects\Pokedex\QueA1\target\test-classes;H:\Programming\Java\JavaProjects\Java-Projects\Pokedex\QueA1\target\classes;C:\Users\QuesenekPC\.m2\repository\junit\junit\4.11\junit-4.11.jar;C:\Users\QuesenekPC\.m2\repository\org\hamcrest\hamcrest-core\1.3\hamcrest-core-1.3.jar;C:\Users\QuesenekPC\.m2\repository\com\github\oscar0812\pokeapi\1.0.0\pokeapi-1.0.0.jar;C:\Users\QuesenekPC\.m2\repository\com\google\code\gson\gson\2.8.6\gson-2.8.6.jar;C:\Users\QuesenekPC\.m2\repository\com\fasterxml\jackson\core\jackson-annotations\2.12.2\jackson-annotations-2.12.2.jar;C:\Users\QuesenekPC\.m2\repository\org\xerial\sqlite-jdbc\3.34.0\sqlite-jdbc-3.34.0.jar;"/>
    <property name="sun.cpu.endian" value="little"/>
    <property name="user.home" value="C:\Users\QuesenekPC"/>
    <property name="user.language" value="en"/>
    <property name="java.specification.vendor" value="Oracle Corporation"/>
    <property name="java.home" value="C:\Program Files\Java\jdk-9.0.4"/>
    <property name="file.separator" value="\"/>
    <property name="basedir" value="H:\Programming\Java\JavaProjects\Java-Projects\Pokedex\QueA1"/>
    <property name="java.vm.compressedOopsMode" value="Zero based"/>
    <property name="line.separator" value="&#10;"/>
    <property name="java.vm.specification.vendor" value="Oracle Corporation"/>
    <property name="java.specification.name" value="Java Platform API Specification"/>
    <property name="java.awt.graphicsenv" value="sun.awt.Win32GraphicsEnvironment"/>
    <property name="surefire.real.class.path" value="C:\Users\QUESEN~1\AppData\Local\Temp\surefire18283372723755384984\surefirebooter16282677789798231207.jar"/>
    <property name="user.script" value=""/>
    <property name="sun.management.compiler" value="HotSpot 64-Bit Tiered Compilers"/>
    <property name="java.runtime.version" value="9.0.4+11"/>
    <property name="user.name" value="QuesenekPC"/>
    <property name="path.separator" value=";"/>
    <property name="os.version" value="10.0"/>
    <property name="java.runtime.name" value="Java(TM) SE Runtime Environment"/>
    <property name="file.encoding" value="Cp1252"/>
    <property name="java.vm.name" value="Java HotSpot(TM) 64-Bit Server VM"/>
    <property name="localRepository" value="C:\Users\QuesenekPC\.m2\repository"/>
    <property name="java.vendor.url.bug" value="http://bugreport.java.com/bugreport/"/>
    <property name="java.io.tmpdir" value="C:\Users\QUESEN~1\AppData\Local\Temp\"/>
    <property name="java.version" value="9.0.4"/>
    <property name="user.dir" value="H:\Programming\Java\JavaProjects\Java-Projects\Pokedex\QueA1"/>
    <property name="os.arch" value="amd64"/>
    <property name="java.vm.specification.name" value="Java Virtual Machine Specification"/>
    <property name="java.awt.printerjob" value="sun.awt.windows.WPrinterJob"/>
    <property name="sun.os.patch.level" value=""/>
    <property name="java.library.path" value="C:\Program Files\Java\jdk-9.0.4\bin;C:\WINDOWS\Sun\Java\bin;C:\WINDOWS\system32;C:\WINDOWS;c:\program files\adoptopenjdk\jdk-11.0.6.10-openj9\bin;c:\program files (x86)\common files\oracle\java\javapath;c:\programdata\oracle\java\javapath;c:\windows\system32;c:\windows;c:\windows\system32\wbem;c:\windows\system32\windowspowershell\v1.0\;c:\program files\putty\;c:\windows\pstools;e:\program files (x86)\winscp\;c:\program files\dotnet\;c:\program files\microsoft sql server\130\tools\binn\;c:\cmder;e:\program files\nodejs\;c:\go\bin;c:\windows\system32\openssh\;c:\mingw\bin;c:\program files\microsoft vs code\bin;c:\dev\lua5.1\bin;c:\program files (x86)\luarocks;c:\users\quesenekpc\appdata\roaming\luarocks\bin;c:\program files\love;c:\program files\cmake\bin;c:\program files\sumatrapdf;c:\users\quesenekpc\appdata\roaming\python\python36\scripts;c:\program files\git\cmd;h:\programming\cpp\libraries\sdl2-2.0.9-win32-x64;c:\dev\plink_win64_20181202;c:\program files\nvidia corporation\nvidia nvdlisr;c:\program files\redhat\java-11-openjdk-11.0.6-2\bin;c:\program files (x86)\streamlink\bin;c:\program files\java\apache-maven-3.6.3\bin;derby_home\bin;C:\Users\QuesenekPC\Desktop\minecraft Mods\GeneratorFabricMod\GeneratorFabricMod\bin;C:\WINDOWS\system32;C:\WINDOWS;C:\WINDOWS\System32\Wbem;C:\WINDOWS\System32\WindowsPowerShell\v1.0\;C:\WINDOWS\System32\OpenSSH\;C:\Program Files\Git\cmd;C:\Program Files\Graphviz\bin;C:\Program Files\Microsoft VS Code\bin;C:\Python\Python36\Scripts\;C:\Python\Python36\;C:\Users\QuesenekPC\AppData\Local\Microsoft\WindowsApps;C:\Windows\PSTools;C:\cmder;C:\Users\QuesenekPC\AppData\Local\atom\bin;C:\Users\QuesenekPC\AppData\Roaming\npm;C:\Users\QuesenekPC\AppData\Local\Microsoft\WindowsApps;C:\Users\QuesenekPC\AppData\Local\GitHubDesktop\bin;C:\texlive\2019\bin\win32;E:\Program Files\JetBrains\IntelliJ IDEA 2019.3\bin;;;."/>
    <property name="java.vm.info" value="mixed mode"/>
    <property name="java.vendor" value="Oracle Corporation"/>
    <property name="java.vm.version" value="9.0.4+11"/>
    <property name="sun.io.unicode.encoding" value="UnicodeLittle"/>
    <property name="java.class.version" value="53.0"/>
  </properties>
  <testcase name="shouldAnswerWithTrue" classname="Que1.AppTest" time="0.002"/>
</testsuite>